{"/Users/admin/Documents/Maha_Project/my-cars/src/App.js": {"path":"/Users/admin/Documents/Maha_Project/my-cars/src/App.js","statementMap":{"0":{"start":{"line":5,"column":25},"end":{"line":7,"column":1}},"1":{"start":{"line":6,"column":2},"end":{"line":6,"column":40}},"2":{"start":{"line":8,"column":26},"end":{"line":10,"column":1}},"3":{"start":{"line":9,"column":2},"end":{"line":9,"column":42}},"4":{"start":{"line":11,"column":28},"end":{"line":13,"column":1}},"5":{"start":{"line":12,"column":2},"end":{"line":12,"column":46}},"6":{"start":{"line":14,"column":27},"end":{"line":16,"column":1}},"7":{"start":{"line":15,"column":2},"end":{"line":15,"column":44}},"8":{"start":{"line":20,"column":2},"end":{"line":35,"column":4}}},"fnMap":{"0":{"name":"(anonymous_0)","decl":{"start":{"line":5,"column":36},"end":{"line":5,"column":37}},"loc":{"start":{"line":6,"column":2},"end":{"line":6,"column":40}},"line":6},"1":{"name":"(anonymous_1)","decl":{"start":{"line":8,"column":37},"end":{"line":8,"column":38}},"loc":{"start":{"line":9,"column":2},"end":{"line":9,"column":42}},"line":9},"2":{"name":"(anonymous_2)","decl":{"start":{"line":11,"column":39},"end":{"line":11,"column":40}},"loc":{"start":{"line":12,"column":2},"end":{"line":12,"column":46}},"line":12},"3":{"name":"(anonymous_3)","decl":{"start":{"line":14,"column":38},"end":{"line":14,"column":39}},"loc":{"start":{"line":15,"column":2},"end":{"line":15,"column":44}},"line":15},"4":{"name":"App","decl":{"start":{"line":19,"column":9},"end":{"line":19,"column":12}},"loc":{"start":{"line":19,"column":15},"end":{"line":36,"column":1}},"line":19}},"branchMap":{},"s":{"0":0,"1":0,"2":0,"3":0,"4":0,"5":0,"6":0,"7":0,"8":0},"f":{"0":0,"1":0,"2":0,"3":0,"4":0},"b":{}}
,"/Users/admin/Documents/Maha_Project/my-cars/src/constants.js": {"path":"/Users/admin/Documents/Maha_Project/my-cars/src/constants.js","statementMap":{"0":{"start":{"line":2,"column":2},"end":{"line":2,"column":136}}},"fnMap":{},"branchMap":{},"s":{"0":8},"f":{},"b":{},"_coverageSchema":"1a1c01bbd47fc00a2c39e90264f33305004495a9","hash":"0bc244e893e823b34dadc12a2b72f69e7a1c63d1"}
,"/Users/admin/Documents/Maha_Project/my-cars/src/index.js": {"path":"/Users/admin/Documents/Maha_Project/my-cars/src/index.js","statementMap":{"0":{"start":{"line":9,"column":32},"end":{"line":9,"column":45}},"1":{"start":{"line":11,"column":0},"end":{"line":23,"column":2}},"2":{"start":{"line":15,"column":23},"end":{"line":15,"column":42}},"3":{"start":{"line":28,"column":0},"end":{"line":28,"column":18}}},"fnMap":{"0":{"name":"(anonymous_0)","decl":{"start":{"line":15,"column":17},"end":{"line":15,"column":18}},"loc":{"start":{"line":15,"column":23},"end":{"line":15,"column":42}},"line":15}},"branchMap":{},"s":{"0":0,"1":0,"2":0,"3":0},"f":{"0":0},"b":{}}
,"/Users/admin/Documents/Maha_Project/my-cars/src/UI/HeaderSection.js": {"path":"/Users/admin/Documents/Maha_Project/my-cars/src/UI/HeaderSection.js","statementMap":{"0":{"start":{"line":10,"column":22},"end":{"line":18,"column":1}},"1":{"start":{"line":11,"column":2},"end":{"line":17,"column":4}}},"fnMap":{"0":{"name":"(anonymous_0)","decl":{"start":{"line":10,"column":22},"end":{"line":10,"column":23}},"loc":{"start":{"line":10,"column":48},"end":{"line":18,"column":1}},"line":10}},"branchMap":{"0":{"loc":{"start":{"line":14,"column":7},"end":{"line":14,"column":57}},"type":"binary-expr","locations":[{"start":{"line":14,"column":7},"end":{"line":14,"column":16}},{"start":{"line":14,"column":20},"end":{"line":14,"column":57}}],"line":14}},"s":{"0":8,"1":8},"f":{"0":8},"b":{"0":[8,1]},"_coverageSchema":"1a1c01bbd47fc00a2c39e90264f33305004495a9","hash":"4854ab0d13679840aa5548bcd8e0b9a0ad797fe7"}
,"/Users/admin/Documents/Maha_Project/my-cars/src/UI/cardComponent/CardComponent.js": {"path":"/Users/admin/Documents/Maha_Project/my-cars/src/UI/cardComponent/CardComponent.js","statementMap":{"0":{"start":{"line":8,"column":22},"end":{"line":23,"column":1}},"1":{"start":{"line":9,"column":28},"end":{"line":9,"column":33}},"2":{"start":{"line":10,"column":2},"end":{"line":22,"column":4}}},"fnMap":{"0":{"name":"(anonymous_0)","decl":{"start":{"line":8,"column":22},"end":{"line":8,"column":23}},"loc":{"start":{"line":8,"column":33},"end":{"line":23,"column":1}},"line":8}},"branchMap":{},"s":{"0":8,"1":18,"2":14},"f":{"0":18},"b":{},"_coverageSchema":"1a1c01bbd47fc00a2c39e90264f33305004495a9","hash":"dfdaf0ee7475e0d85b685caa059fc12a084527da"}
,"/Users/admin/Documents/Maha_Project/my-cars/src/UI/header/Header.js": {"path":"/Users/admin/Documents/Maha_Project/my-cars/src/UI/header/Header.js","statementMap":{"0":{"start":{"line":7,"column":15},"end":{"line":46,"column":1}},"1":{"start":{"line":8,"column":28},"end":{"line":8,"column":43}},"2":{"start":{"line":9,"column":22},"end":{"line":9,"column":44}},"3":{"start":{"line":9,"column":28},"end":{"line":9,"column":44}},"4":{"start":{"line":10,"column":26},"end":{"line":10,"column":47}},"5":{"start":{"line":10,"column":32},"end":{"line":10,"column":47}},"6":{"start":{"line":12,"column":2},"end":{"line":45,"column":4}}},"fnMap":{"0":{"name":"(anonymous_0)","decl":{"start":{"line":7,"column":15},"end":{"line":7,"column":16}},"loc":{"start":{"line":7,"column":21},"end":{"line":46,"column":1}},"line":7},"1":{"name":"(anonymous_1)","decl":{"start":{"line":9,"column":22},"end":{"line":9,"column":23}},"loc":{"start":{"line":9,"column":28},"end":{"line":9,"column":44}},"line":9},"2":{"name":"(anonymous_2)","decl":{"start":{"line":10,"column":26},"end":{"line":10,"column":27}},"loc":{"start":{"line":10,"column":32},"end":{"line":10,"column":47}},"line":10}},"branchMap":{"0":{"loc":{"start":{"line":18,"column":23},"end":{"line":18,"column":67}},"type":"cond-expr","locations":[{"start":{"line":18,"column":31},"end":{"line":18,"column":51}},{"start":{"line":18,"column":54},"end":{"line":18,"column":67}}],"line":18},"1":{"loc":{"start":{"line":38,"column":9},"end":{"line":42,"column":9}},"type":"cond-expr","locations":[{"start":{"line":39,"column":10},"end":{"line":39,"column":45}},{"start":{"line":41,"column":10},"end":{"line":41,"column":44}}],"line":38}},"s":{"0":8,"1":8,"2":8,"3":0,"4":8,"5":0,"6":8},"f":{"0":8,"1":0,"2":0},"b":{"0":[0,8],"1":[0,8]},"_coverageSchema":"1a1c01bbd47fc00a2c39e90264f33305004495a9","hash":"8a3ddca8055e66326223c92e968e3724eac499d5"}
,"/Users/admin/Documents/Maha_Project/my-cars/src/UI/itemDescriptionComponent/ItemDescriptionComponent.js": {"path":"/Users/admin/Documents/Maha_Project/my-cars/src/UI/itemDescriptionComponent/ItemDescriptionComponent.js","statementMap":{"0":{"start":{"line":7,"column":33},"end":{"line":30,"column":1}},"1":{"start":{"line":8,"column":17},"end":{"line":8,"column":22}},"2":{"start":{"line":9,"column":2},"end":{"line":29,"column":4}}},"fnMap":{"0":{"name":"(anonymous_0)","decl":{"start":{"line":7,"column":33},"end":{"line":7,"column":34}},"loc":{"start":{"line":7,"column":44},"end":{"line":30,"column":1}},"line":7}},"branchMap":{},"s":{"0":3,"1":0,"2":0},"f":{"0":0},"b":{},"_coverageSchema":"1a1c01bbd47fc00a2c39e90264f33305004495a9","hash":"7d072d4beb6ff7495d2b6f8bd6ae73959f087bc5"}
,"/Users/admin/Documents/Maha_Project/my-cars/src/UI/loadingIndicator/LoadingIndicator.js": {"path":"/Users/admin/Documents/Maha_Project/my-cars/src/UI/loadingIndicator/LoadingIndicator.js","statementMap":{"0":{"start":{"line":7,"column":25},"end":{"line":14,"column":1}},"1":{"start":{"line":8,"column":2},"end":{"line":13,"column":8}}},"fnMap":{"0":{"name":"(anonymous_0)","decl":{"start":{"line":7,"column":25},"end":{"line":7,"column":26}},"loc":{"start":{"line":8,"column":2},"end":{"line":13,"column":8}},"line":8}},"branchMap":{},"s":{"0":8,"1":1},"f":{"0":1},"b":{},"_coverageSchema":"1a1c01bbd47fc00a2c39e90264f33305004495a9","hash":"7d7ce84e31adb313520a913c91faf90c08c27677"}
,"/Users/admin/Documents/Maha_Project/my-cars/src/UI/modal/modal.js": {"path":"/Users/admin/Documents/Maha_Project/my-cars/src/UI/modal/modal.js","statementMap":{"0":{"start":{"line":4,"column":14},"end":{"line":17,"column":1}},"1":{"start":{"line":5,"column":20},"end":{"line":5,"column":43}},"2":{"start":{"line":6,"column":26},"end":{"line":6,"column":46}},"3":{"start":{"line":7,"column":2},"end":{"line":11,"column":5}},"4":{"start":{"line":8,"column":4},"end":{"line":10,"column":13}},"5":{"start":{"line":9,"column":6},"end":{"line":9,"column":21}},"6":{"start":{"line":12,"column":2},"end":{"line":16,"column":4}}},"fnMap":{"0":{"name":"(anonymous_0)","decl":{"start":{"line":4,"column":14},"end":{"line":4,"column":15}},"loc":{"start":{"line":4,"column":25},"end":{"line":17,"column":1}},"line":4},"1":{"name":"(anonymous_1)","decl":{"start":{"line":7,"column":12},"end":{"line":7,"column":13}},"loc":{"start":{"line":7,"column":18},"end":{"line":11,"column":3}},"line":7},"2":{"name":"(anonymous_2)","decl":{"start":{"line":8,"column":15},"end":{"line":8,"column":16}},"loc":{"start":{"line":8,"column":21},"end":{"line":10,"column":5}},"line":8}},"branchMap":{"0":{"loc":{"start":{"line":13,"column":20},"end":{"line":13,"column":71}},"type":"cond-expr","locations":[{"start":{"line":13,"column":27},"end":{"line":13,"column":48}},{"start":{"line":13,"column":51},"end":{"line":13,"column":71}}],"line":13}},"s":{"0":1,"1":0,"2":0,"3":0,"4":0,"5":0,"6":0},"f":{"0":0,"1":0,"2":0},"b":{"0":[0,0]},"_coverageSchema":"1a1c01bbd47fc00a2c39e90264f33305004495a9","hash":"86b0c021b5fbbd6270ec2850a0d111a50f6f704f"}
,"/Users/admin/Documents/Maha_Project/my-cars/src/api/api.js": {"path":"/Users/admin/Documents/Maha_Project/my-cars/src/api/api.js","statementMap":{"0":{"start":{"line":3,"column":16},"end":{"line":3,"column":44}},"1":{"start":{"line":12,"column":23},"end":{"line":14,"column":1}},"2":{"start":{"line":13,"column":2},"end":{"line":13,"column":48}},"3":{"start":{"line":22,"column":24},"end":{"line":24,"column":1}},"4":{"start":{"line":23,"column":2},"end":{"line":23,"column":59}},"5":{"start":{"line":32,"column":23},"end":{"line":34,"column":1}},"6":{"start":{"line":33,"column":2},"end":{"line":33,"column":57}}},"fnMap":{"0":{"name":"(anonymous_0)","decl":{"start":{"line":12,"column":23},"end":{"line":12,"column":24}},"loc":{"start":{"line":12,"column":46},"end":{"line":14,"column":1}},"line":12},"1":{"name":"(anonymous_1)","decl":{"start":{"line":22,"column":24},"end":{"line":22,"column":25}},"loc":{"start":{"line":22,"column":57},"end":{"line":24,"column":1}},"line":22},"2":{"name":"(anonymous_2)","decl":{"start":{"line":32,"column":23},"end":{"line":32,"column":24}},"loc":{"start":{"line":32,"column":55},"end":{"line":34,"column":1}},"line":32}},"branchMap":{"0":{"loc":{"start":{"line":12,"column":29},"end":{"line":12,"column":41}},"type":"default-arg","locations":[{"start":{"line":12,"column":39},"end":{"line":12,"column":41}}],"line":12},"1":{"loc":{"start":{"line":22,"column":40},"end":{"line":22,"column":52}},"type":"default-arg","locations":[{"start":{"line":22,"column":50},"end":{"line":22,"column":52}}],"line":22},"2":{"loc":{"start":{"line":32,"column":38},"end":{"line":32,"column":50}},"type":"default-arg","locations":[{"start":{"line":32,"column":48},"end":{"line":32,"column":50}}],"line":32}},"s":{"0":7,"1":7,"2":2,"3":7,"4":2,"5":7,"6":2},"f":{"0":2,"1":2,"2":2},"b":{"0":[2],"1":[2],"2":[2]},"_coverageSchema":"1a1c01bbd47fc00a2c39e90264f33305004495a9","hash":"a50afc9eec9d0385137a120fa78a5413f1606f43"}
,"/Users/admin/Documents/Maha_Project/my-cars/src/components/myDetails/MyDetails.child.js": {"path":"/Users/admin/Documents/Maha_Project/my-cars/src/components/myDetails/MyDetails.child.js","statementMap":{"0":{"start":{"line":16,"column":23},"end":{"line":65,"column":1}},"1":{"start":{"line":20,"column":24},"end":{"line":22,"column":3}},"2":{"start":{"line":21,"column":4},"end":{"line":21,"column":18}},"3":{"start":{"line":26,"column":24},"end":{"line":28,"column":3}},"4":{"start":{"line":27,"column":4},"end":{"line":27,"column":16}},"5":{"start":{"line":30,"column":2},"end":{"line":64,"column":4}},"6":{"start":{"line":37,"column":25},"end":{"line":37,"column":40}},"7":{"start":{"line":46,"column":14},"end":{"line":56,"column":30}},"8":{"start":{"line":51,"column":35},"end":{"line":51,"column":55}}},"fnMap":{"0":{"name":"(anonymous_0)","decl":{"start":{"line":16,"column":23},"end":{"line":16,"column":24}},"loc":{"start":{"line":16,"column":76},"end":{"line":65,"column":1}},"line":16},"1":{"name":"(anonymous_1)","decl":{"start":{"line":20,"column":24},"end":{"line":20,"column":25}},"loc":{"start":{"line":20,"column":32},"end":{"line":22,"column":3}},"line":20},"2":{"name":"(anonymous_2)","decl":{"start":{"line":26,"column":24},"end":{"line":26,"column":25}},"loc":{"start":{"line":26,"column":32},"end":{"line":28,"column":3}},"line":26},"3":{"name":"(anonymous_3)","decl":{"start":{"line":37,"column":19},"end":{"line":37,"column":20}},"loc":{"start":{"line":37,"column":25},"end":{"line":37,"column":40}},"line":37},"4":{"name":"(anonymous_4)","decl":{"start":{"line":45,"column":29},"end":{"line":45,"column":30}},"loc":{"start":{"line":46,"column":14},"end":{"line":56,"column":30}},"line":46},"5":{"name":"(anonymous_5)","decl":{"start":{"line":51,"column":29},"end":{"line":51,"column":30}},"loc":{"start":{"line":51,"column":35},"end":{"line":51,"column":55}},"line":51}},"branchMap":{"0":{"loc":{"start":{"line":33,"column":7},"end":{"line":41,"column":14}},"type":"cond-expr","locations":[{"start":{"line":34,"column":8},"end":{"line":40,"column":17}},{"start":{"line":41,"column":10},"end":{"line":41,"column":14}}],"line":33},"1":{"loc":{"start":{"line":43,"column":9},"end":{"line":61,"column":9}},"type":"cond-expr","locations":[{"start":{"line":44,"column":10},"end":{"line":58,"column":16}},{"start":{"line":60,"column":10},"end":{"line":60,"column":32}}],"line":43}},"s":{"0":2,"1":2,"2":0,"3":2,"4":0,"5":2,"6":0,"7":0,"8":0},"f":{"0":2,"1":0,"2":0,"3":0,"4":0,"5":0},"b":{"0":[0,2],"1":[0,2]},"_coverageSchema":"1a1c01bbd47fc00a2c39e90264f33305004495a9","hash":"44ee70cca060c9da55b239df5beb85fe10ed37fe"}
,"/Users/admin/Documents/Maha_Project/my-cars/src/components/myDetails/MyDetails.js": {"path":"/Users/admin/Documents/Maha_Project/my-cars/src/components/myDetails/MyDetails.js","statementMap":{"0":{"start":{"line":13,"column":18},"end":{"line":43,"column":1}},"1":{"start":{"line":14,"column":17},"end":{"line":14,"column":30}},"2":{"start":{"line":16,"column":26},"end":{"line":16,"column":66}},"3":{"start":{"line":16,"column":49},"end":{"line":16,"column":65}},"4":{"start":{"line":17,"column":18},"end":{"line":17,"column":69}},"5":{"start":{"line":17,"column":41},"end":{"line":17,"column":68}},"6":{"start":{"line":22,"column":20},"end":{"line":24,"column":3}},"7":{"start":{"line":23,"column":4},"end":{"line":23,"column":39}},"8":{"start":{"line":29,"column":20},"end":{"line":31,"column":3}},"9":{"start":{"line":30,"column":4},"end":{"line":30,"column":30}},"10":{"start":{"line":33,"column":2},"end":{"line":42,"column":4}}},"fnMap":{"0":{"name":"(anonymous_0)","decl":{"start":{"line":13,"column":18},"end":{"line":13,"column":19}},"loc":{"start":{"line":13,"column":24},"end":{"line":43,"column":1}},"line":13},"1":{"name":"(anonymous_1)","decl":{"start":{"line":16,"column":38},"end":{"line":16,"column":39}},"loc":{"start":{"line":16,"column":49},"end":{"line":16,"column":65}},"line":16},"2":{"name":"(anonymous_2)","decl":{"start":{"line":17,"column":30},"end":{"line":17,"column":31}},"loc":{"start":{"line":17,"column":41},"end":{"line":17,"column":68}},"line":17},"3":{"name":"(anonymous_3)","decl":{"start":{"line":22,"column":20},"end":{"line":22,"column":21}},"loc":{"start":{"line":22,"column":28},"end":{"line":24,"column":3}},"line":22},"4":{"name":"(anonymous_4)","decl":{"start":{"line":29,"column":20},"end":{"line":29,"column":21}},"loc":{"start":{"line":29,"column":26},"end":{"line":31,"column":3}},"line":29}},"branchMap":{},"s":{"0":1,"1":2,"2":1,"3":1,"4":1,"5":1,"6":1,"7":0,"8":1,"9":0,"10":1},"f":{"0":2,"1":1,"2":1,"3":0,"4":0},"b":{},"_coverageSchema":"1a1c01bbd47fc00a2c39e90264f33305004495a9","hash":"decfb47e418f12f2564036e216bbd57be11af073"}
,"/Users/admin/Documents/Maha_Project/my-cars/src/components/myMakes/MyMakes.child.js": {"path":"/Users/admin/Documents/Maha_Project/my-cars/src/components/myMakes/MyMakes.child.js","statementMap":{"0":{"start":{"line":14,"column":21},"end":{"line":67,"column":1}},"1":{"start":{"line":15,"column":30},"end":{"line":15,"column":42}},"2":{"start":{"line":16,"column":17},"end":{"line":16,"column":30}},"3":{"start":{"line":20,"column":27},"end":{"line":22,"column":3}},"4":{"start":{"line":21,"column":4},"end":{"line":21,"column":23}},"5":{"start":{"line":26,"column":4},"end":{"line":30,"column":9}},"6":{"start":{"line":29,"column":10},"end":{"line":29,"column":59}},"7":{"start":{"line":31,"column":2},"end":{"line":31,"column":26}},"8":{"start":{"line":33,"column":2},"end":{"line":66,"column":4}},"9":{"start":{"line":42,"column":27},"end":{"line":42,"column":52}},"10":{"start":{"line":49,"column":14},"end":{"line":58,"column":30}},"11":{"start":{"line":54,"column":33},"end":{"line":54,"column":55}}},"fnMap":{"0":{"name":"(anonymous_0)","decl":{"start":{"line":14,"column":21},"end":{"line":14,"column":22}},"loc":{"start":{"line":14,"column":69},"end":{"line":67,"column":1}},"line":14},"1":{"name":"(anonymous_1)","decl":{"start":{"line":20,"column":27},"end":{"line":20,"column":28}},"loc":{"start":{"line":20,"column":37},"end":{"line":22,"column":3}},"line":20},"2":{"name":"(anonymous_2)","decl":{"start":{"line":28,"column":29},"end":{"line":28,"column":30}},"loc":{"start":{"line":29,"column":10},"end":{"line":29,"column":59}},"line":29},"3":{"name":"(anonymous_3)","decl":{"start":{"line":42,"column":20},"end":{"line":42,"column":21}},"loc":{"start":{"line":42,"column":27},"end":{"line":42,"column":52}},"line":42},"4":{"name":"(anonymous_4)","decl":{"start":{"line":48,"column":26},"end":{"line":48,"column":27}},"loc":{"start":{"line":49,"column":14},"end":{"line":58,"column":30}},"line":49},"5":{"name":"(anonymous_5)","decl":{"start":{"line":54,"column":27},"end":{"line":54,"column":28}},"loc":{"start":{"line":54,"column":33},"end":{"line":54,"column":55}},"line":54}},"branchMap":{"0":{"loc":{"start":{"line":26,"column":4},"end":{"line":30,"column":9}},"type":"cond-expr","locations":[{"start":{"line":27,"column":8},"end":{"line":27,"column":21}},{"start":{"line":28,"column":8},"end":{"line":30,"column":9}}],"line":26},"1":{"loc":{"start":{"line":46,"column":9},"end":{"line":63,"column":9}},"type":"cond-expr","locations":[{"start":{"line":47,"column":10},"end":{"line":60,"column":13}},{"start":{"line":62,"column":10},"end":{"line":62,"column":32}}],"line":46}},"s":{"0":3,"1":3,"2":3,"3":3,"4":0,"5":3,"6":0,"7":3,"8":3,"9":0,"10":10,"11":0},"f":{"0":3,"1":0,"2":0,"3":0,"4":10,"5":0},"b":{"0":[3,0],"1":[2,1]},"_coverageSchema":"1a1c01bbd47fc00a2c39e90264f33305004495a9","hash":"7aecc8228052c0b80189f9c06bfe4d7fc38fa933"}
,"/Users/admin/Documents/Maha_Project/my-cars/src/components/myMakes/MyMakes.js": {"path":"/Users/admin/Documents/Maha_Project/my-cars/src/components/myMakes/MyMakes.js","statementMap":{"0":{"start":{"line":12,"column":16},"end":{"line":45,"column":1}},"1":{"start":{"line":14,"column":24},"end":{"line":14,"column":74}},"2":{"start":{"line":14,"column":47},"end":{"line":14,"column":73}},"3":{"start":{"line":15,"column":18},"end":{"line":15,"column":68}},"4":{"start":{"line":15,"column":41},"end":{"line":15,"column":67}},"5":{"start":{"line":16,"column":17},"end":{"line":16,"column":30}},"6":{"start":{"line":17,"column":18},"end":{"line":17,"column":30}},"7":{"start":{"line":19,"column":2},"end":{"line":27,"column":9}},"8":{"start":{"line":21,"column":4},"end":{"line":26,"column":5}},"9":{"start":{"line":23,"column":6},"end":{"line":23,"column":33}},"10":{"start":{"line":25,"column":6},"end":{"line":25,"column":33}},"11":{"start":{"line":32,"column":23},"end":{"line":34,"column":3}},"12":{"start":{"line":33,"column":4},"end":{"line":33,"column":34}},"13":{"start":{"line":36,"column":2},"end":{"line":44,"column":4}}},"fnMap":{"0":{"name":"(anonymous_0)","decl":{"start":{"line":12,"column":16},"end":{"line":12,"column":17}},"loc":{"start":{"line":12,"column":22},"end":{"line":45,"column":1}},"line":12},"1":{"name":"(anonymous_1)","decl":{"start":{"line":14,"column":36},"end":{"line":14,"column":37}},"loc":{"start":{"line":14,"column":47},"end":{"line":14,"column":73}},"line":14},"2":{"name":"(anonymous_2)","decl":{"start":{"line":15,"column":30},"end":{"line":15,"column":31}},"loc":{"start":{"line":15,"column":41},"end":{"line":15,"column":67}},"line":15},"3":{"name":"(anonymous_3)","decl":{"start":{"line":19,"column":12},"end":{"line":19,"column":13}},"loc":{"start":{"line":19,"column":18},"end":{"line":27,"column":3}},"line":19},"4":{"name":"(anonymous_4)","decl":{"start":{"line":32,"column":23},"end":{"line":32,"column":24}},"loc":{"start":{"line":32,"column":33},"end":{"line":34,"column":3}},"line":32}},"branchMap":{},"s":{"0":2,"1":4,"2":2,"3":2,"4":2,"5":2,"6":2,"7":2,"8":2,"9":2,"10":2,"11":2,"12":0,"13":2},"f":{"0":4,"1":2,"2":2,"3":2,"4":0},"b":{},"_coverageSchema":"1a1c01bbd47fc00a2c39e90264f33305004495a9","hash":"fefa2fe1fc10f43d62b5b266d68e4ac3e5e0a451"}
,"/Users/admin/Documents/Maha_Project/my-cars/src/components/myModels/MyModels.child.js": {"path":"/Users/admin/Documents/Maha_Project/my-cars/src/components/myModels/MyModels.child.js","statementMap":{"0":{"start":{"line":16,"column":22},"end":{"line":69,"column":1}},"1":{"start":{"line":17,"column":17},"end":{"line":17,"column":31}},"2":{"start":{"line":18,"column":30},"end":{"line":18,"column":42}},"3":{"start":{"line":22,"column":27},"end":{"line":24,"column":3}},"4":{"start":{"line":23,"column":4},"end":{"line":23,"column":28}},"5":{"start":{"line":28,"column":4},"end":{"line":32,"column":9}},"6":{"start":{"line":31,"column":10},"end":{"line":31,"column":59}},"7":{"start":{"line":33,"column":2},"end":{"line":33,"column":26}},"8":{"start":{"line":35,"column":2},"end":{"line":68,"column":4}},"9":{"start":{"line":44,"column":27},"end":{"line":44,"column":52}},"10":{"start":{"line":52,"column":14},"end":{"line":60,"column":30}},"11":{"start":{"line":56,"column":33},"end":{"line":56,"column":55}}},"fnMap":{"0":{"name":"(anonymous_0)","decl":{"start":{"line":16,"column":22},"end":{"line":16,"column":23}},"loc":{"start":{"line":16,"column":77},"end":{"line":69,"column":1}},"line":16},"1":{"name":"(anonymous_1)","decl":{"start":{"line":22,"column":27},"end":{"line":22,"column":28}},"loc":{"start":{"line":22,"column":42},"end":{"line":24,"column":3}},"line":22},"2":{"name":"(anonymous_2)","decl":{"start":{"line":30,"column":30},"end":{"line":30,"column":31}},"loc":{"start":{"line":31,"column":10},"end":{"line":31,"column":59}},"line":31},"3":{"name":"(anonymous_3)","decl":{"start":{"line":44,"column":20},"end":{"line":44,"column":21}},"loc":{"start":{"line":44,"column":27},"end":{"line":44,"column":52}},"line":44},"4":{"name":"(anonymous_4)","decl":{"start":{"line":51,"column":27},"end":{"line":51,"column":28}},"loc":{"start":{"line":52,"column":14},"end":{"line":60,"column":30}},"line":52},"5":{"name":"(anonymous_5)","decl":{"start":{"line":56,"column":27},"end":{"line":56,"column":28}},"loc":{"start":{"line":56,"column":33},"end":{"line":56,"column":55}},"line":56}},"branchMap":{"0":{"loc":{"start":{"line":28,"column":4},"end":{"line":32,"column":9}},"type":"cond-expr","locations":[{"start":{"line":29,"column":8},"end":{"line":29,"column":22}},{"start":{"line":30,"column":8},"end":{"line":32,"column":9}}],"line":28},"1":{"loc":{"start":{"line":49,"column":9},"end":{"line":65,"column":9}},"type":"cond-expr","locations":[{"start":{"line":50,"column":10},"end":{"line":62,"column":13}},{"start":{"line":64,"column":10},"end":{"line":64,"column":32}}],"line":49}},"s":{"0":2,"1":2,"2":2,"3":2,"4":0,"5":2,"6":0,"7":2,"8":2,"9":0,"10":4,"11":0},"f":{"0":2,"1":0,"2":0,"3":0,"4":4,"5":0},"b":{"0":[2,0],"1":[2,0]},"_coverageSchema":"1a1c01bbd47fc00a2c39e90264f33305004495a9","hash":"0bdbbdba96bc8f7dc9f7723bec06110866d041a7"}
,"/Users/admin/Documents/Maha_Project/my-cars/src/components/myModels/MyModels.js": {"path":"/Users/admin/Documents/Maha_Project/my-cars/src/components/myModels/MyModels.js","statementMap":{"0":{"start":{"line":14,"column":17},"end":{"line":51,"column":1}},"1":{"start":{"line":16,"column":25},"end":{"line":16,"column":77}},"2":{"start":{"line":16,"column":48},"end":{"line":16,"column":76}},"3":{"start":{"line":17,"column":18},"end":{"line":17,"column":69}},"4":{"start":{"line":17,"column":41},"end":{"line":17,"column":68}},"5":{"start":{"line":19,"column":17},"end":{"line":19,"column":30}},"6":{"start":{"line":20,"column":13},"end":{"line":20,"column":35}},"7":{"start":{"line":21,"column":18},"end":{"line":21,"column":30}},"8":{"start":{"line":23,"column":2},"end":{"line":31,"column":9}},"9":{"start":{"line":25,"column":4},"end":{"line":30,"column":5}},"10":{"start":{"line":27,"column":6},"end":{"line":27,"column":38}},"11":{"start":{"line":29,"column":6},"end":{"line":29,"column":33}},"12":{"start":{"line":36,"column":23},"end":{"line":39,"column":3}},"13":{"start":{"line":37,"column":23},"end":{"line":37,"column":73}},"14":{"start":{"line":38,"column":4},"end":{"line":38,"column":44}},"15":{"start":{"line":41,"column":2},"end":{"line":50,"column":4}}},"fnMap":{"0":{"name":"(anonymous_0)","decl":{"start":{"line":14,"column":17},"end":{"line":14,"column":18}},"loc":{"start":{"line":14,"column":28},"end":{"line":51,"column":1}},"line":14},"1":{"name":"(anonymous_1)","decl":{"start":{"line":16,"column":37},"end":{"line":16,"column":38}},"loc":{"start":{"line":16,"column":48},"end":{"line":16,"column":76}},"line":16},"2":{"name":"(anonymous_2)","decl":{"start":{"line":17,"column":30},"end":{"line":17,"column":31}},"loc":{"start":{"line":17,"column":41},"end":{"line":17,"column":68}},"line":17},"3":{"name":"(anonymous_3)","decl":{"start":{"line":23,"column":12},"end":{"line":23,"column":13}},"loc":{"start":{"line":23,"column":18},"end":{"line":31,"column":3}},"line":23},"4":{"name":"(anonymous_4)","decl":{"start":{"line":36,"column":23},"end":{"line":36,"column":24}},"loc":{"start":{"line":36,"column":38},"end":{"line":39,"column":3}},"line":36}},"branchMap":{},"s":{"0":1,"1":2,"2":1,"3":1,"4":1,"5":1,"6":1,"7":1,"8":1,"9":1,"10":1,"11":1,"12":1,"13":0,"14":0,"15":1},"f":{"0":2,"1":1,"2":1,"3":1,"4":0},"b":{},"_coverageSchema":"1a1c01bbd47fc00a2c39e90264f33305004495a9","hash":"cc4927d4c4694a4e2cda5b86ad310172895f5542"}
,"/Users/admin/Documents/Maha_Project/my-cars/src/components/myVehicles/MyVehicles.child.js": {"path":"/Users/admin/Documents/Maha_Project/my-cars/src/components/myVehicles/MyVehicles.child.js","statementMap":{"0":{"start":{"line":16,"column":24},"end":{"line":46,"column":1}},"1":{"start":{"line":20,"column":21},"end":{"line":22,"column":3}},"2":{"start":{"line":21,"column":4},"end":{"line":21,"column":17}},"3":{"start":{"line":23,"column":2},"end":{"line":45,"column":4}},"4":{"start":{"line":31,"column":10},"end":{"line":41,"column":26}},"5":{"start":{"line":36,"column":31},"end":{"line":36,"column":47}}},"fnMap":{"0":{"name":"(anonymous_0)","decl":{"start":{"line":16,"column":24},"end":{"line":16,"column":25}},"loc":{"start":{"line":16,"column":76},"end":{"line":46,"column":1}},"line":16},"1":{"name":"(anonymous_1)","decl":{"start":{"line":20,"column":21},"end":{"line":20,"column":22}},"loc":{"start":{"line":20,"column":31},"end":{"line":22,"column":3}},"line":20},"2":{"name":"(anonymous_2)","decl":{"start":{"line":30,"column":25},"end":{"line":30,"column":26}},"loc":{"start":{"line":31,"column":10},"end":{"line":41,"column":26}},"line":31},"3":{"name":"(anonymous_3)","decl":{"start":{"line":36,"column":25},"end":{"line":36,"column":26}},"loc":{"start":{"line":36,"column":31},"end":{"line":36,"column":47}},"line":36}},"branchMap":{},"s":{"0":1,"1":1,"2":0,"3":1,"4":0,"5":0},"f":{"0":1,"1":0,"2":0,"3":0},"b":{},"_coverageSchema":"1a1c01bbd47fc00a2c39e90264f33305004495a9","hash":"4f7de4d88f135e77fa1cd13c88b6f84f1e491adb"}
,"/Users/admin/Documents/Maha_Project/my-cars/src/components/myVehicles/MyVehicles.js": {"path":"/Users/admin/Documents/Maha_Project/my-cars/src/components/myVehicles/MyVehicles.js","statementMap":{"0":{"start":{"line":12,"column":19},"end":{"line":51,"column":1}},"1":{"start":{"line":13,"column":32},"end":{"line":13,"column":47}},"2":{"start":{"line":15,"column":16},"end":{"line":15,"column":28}},"3":{"start":{"line":16,"column":20},"end":{"line":16,"column":74}},"4":{"start":{"line":16,"column":43},"end":{"line":16,"column":73}},"5":{"start":{"line":17,"column":18},"end":{"line":17,"column":71}},"6":{"start":{"line":17,"column":41},"end":{"line":17,"column":70}},"7":{"start":{"line":18,"column":17},"end":{"line":18,"column":30}},"8":{"start":{"line":19,"column":13},"end":{"line":19,"column":41}},"9":{"start":{"line":20,"column":14},"end":{"line":20,"column":43}},"10":{"start":{"line":26,"column":2},"end":{"line":28,"column":9}},"11":{"start":{"line":27,"column":4},"end":{"line":27,"column":44}},"12":{"start":{"line":33,"column":17},"end":{"line":37,"column":3}},"13":{"start":{"line":34,"column":4},"end":{"line":34,"column":21}},"14":{"start":{"line":35,"column":4},"end":{"line":35,"column":36}},"15":{"start":{"line":36,"column":4},"end":{"line":36,"column":30}},"16":{"start":{"line":39,"column":2},"end":{"line":50,"column":4}}},"fnMap":{"0":{"name":"(anonymous_0)","decl":{"start":{"line":12,"column":19},"end":{"line":12,"column":20}},"loc":{"start":{"line":12,"column":30},"end":{"line":51,"column":1}},"line":12},"1":{"name":"(anonymous_1)","decl":{"start":{"line":16,"column":32},"end":{"line":16,"column":33}},"loc":{"start":{"line":16,"column":43},"end":{"line":16,"column":73}},"line":16},"2":{"name":"(anonymous_2)","decl":{"start":{"line":17,"column":30},"end":{"line":17,"column":31}},"loc":{"start":{"line":17,"column":41},"end":{"line":17,"column":70}},"line":17},"3":{"name":"(anonymous_3)","decl":{"start":{"line":26,"column":12},"end":{"line":26,"column":13}},"loc":{"start":{"line":26,"column":18},"end":{"line":28,"column":3}},"line":26},"4":{"name":"(anonymous_4)","decl":{"start":{"line":33,"column":17},"end":{"line":33,"column":18}},"loc":{"start":{"line":33,"column":27},"end":{"line":37,"column":3}},"line":33}},"branchMap":{},"s":{"0":0,"1":0,"2":0,"3":0,"4":0,"5":0,"6":0,"7":0,"8":0,"9":0,"10":0,"11":0,"12":0,"13":0,"14":0,"15":0,"16":0},"f":{"0":0,"1":0,"2":0,"3":0,"4":0},"b":{}}
,"/Users/admin/Documents/Maha_Project/my-cars/src/components/redux/actions/ModelActions.js": {"path":"/Users/admin/Documents/Maha_Project/my-cars/src/components/redux/actions/ModelActions.js","statementMap":{"0":{"start":{"line":13,"column":31},"end":{"line":25,"column":1}},"1":{"start":{"line":14,"column":2},"end":{"line":24,"column":4}},"2":{"start":{"line":15,"column":4},"end":{"line":15,"column":30}},"3":{"start":{"line":16,"column":4},"end":{"line":23,"column":5}},"4":{"start":{"line":17,"column":21},"end":{"line":17,"column":61}},"5":{"start":{"line":18,"column":6},"end":{"line":18,"column":44}},"6":{"start":{"line":19,"column":6},"end":{"line":19,"column":33}},"7":{"start":{"line":21,"column":6},"end":{"line":21,"column":34}},"8":{"start":{"line":22,"column":6},"end":{"line":22,"column":33}},"9":{"start":{"line":32,"column":28},"end":{"line":34,"column":1}},"10":{"start":{"line":33,"column":2},"end":{"line":33,"column":55}},"11":{"start":{"line":41,"column":28},"end":{"line":43,"column":1}},"12":{"start":{"line":42,"column":2},"end":{"line":42,"column":62}},"13":{"start":{"line":50,"column":25},"end":{"line":52,"column":1}},"14":{"start":{"line":51,"column":2},"end":{"line":51,"column":50}}},"fnMap":{"0":{"name":"(anonymous_0)","decl":{"start":{"line":13,"column":31},"end":{"line":13,"column":32}},"loc":{"start":{"line":13,"column":41},"end":{"line":25,"column":1}},"line":13},"1":{"name":"(anonymous_1)","decl":{"start":{"line":14,"column":9},"end":{"line":14,"column":10}},"loc":{"start":{"line":14,"column":36},"end":{"line":24,"column":3}},"line":14},"2":{"name":"(anonymous_2)","decl":{"start":{"line":32,"column":28},"end":{"line":32,"column":29}},"loc":{"start":{"line":32,"column":52},"end":{"line":34,"column":1}},"line":32},"3":{"name":"(anonymous_3)","decl":{"start":{"line":41,"column":28},"end":{"line":41,"column":29}},"loc":{"start":{"line":41,"column":37},"end":{"line":43,"column":1}},"line":41},"4":{"name":"(anonymous_4)","decl":{"start":{"line":50,"column":25},"end":{"line":50,"column":26}},"loc":{"start":{"line":50,"column":40},"end":{"line":52,"column":1}},"line":50}},"branchMap":{"0":{"loc":{"start":{"line":32,"column":35},"end":{"line":32,"column":47}},"type":"default-arg","locations":[{"start":{"line":32,"column":45},"end":{"line":32,"column":47}}],"line":32}},"s":{"0":2,"1":3,"2":2,"3":2,"4":2,"5":1,"6":1,"7":1,"8":1,"9":2,"10":3,"11":2,"12":3,"13":2,"14":9},"f":{"0":3,"1":2,"2":3,"3":3,"4":9},"b":{"0":[3]},"_coverageSchema":"1a1c01bbd47fc00a2c39e90264f33305004495a9","hash":"214f7fbbcc82cd2452569091ed27422c8629c938"}
,"/Users/admin/Documents/Maha_Project/my-cars/src/components/redux/actions/actionTypes.js": {"path":"/Users/admin/Documents/Maha_Project/my-cars/src/components/redux/actions/actionTypes.js","statementMap":{"0":{"start":{"line":2,"column":33},"end":{"line":2,"column":52}},"1":{"start":{"line":3,"column":38},"end":{"line":3,"column":62}},"2":{"start":{"line":4,"column":32},"end":{"line":4,"column":50}},"3":{"start":{"line":7,"column":28},"end":{"line":7,"column":42}},"4":{"start":{"line":8,"column":35},"end":{"line":8,"column":56}},"5":{"start":{"line":9,"column":35},"end":{"line":9,"column":56}},"6":{"start":{"line":12,"column":29},"end":{"line":12,"column":44}},"7":{"start":{"line":13,"column":36},"end":{"line":13,"column":58}},"8":{"start":{"line":14,"column":36},"end":{"line":14,"column":58}},"9":{"start":{"line":17,"column":31},"end":{"line":17,"column":48}},"10":{"start":{"line":18,"column":38},"end":{"line":18,"column":62}},"11":{"start":{"line":19,"column":38},"end":{"line":19,"column":62}},"12":{"start":{"line":22,"column":26},"end":{"line":22,"column":38}}},"fnMap":{},"branchMap":{},"s":{"0":14,"1":14,"2":14,"3":14,"4":14,"5":14,"6":14,"7":14,"8":14,"9":14,"10":14,"11":14,"12":14},"f":{},"b":{},"_coverageSchema":"1a1c01bbd47fc00a2c39e90264f33305004495a9","hash":"b26ee7e46c896a633b07975d272d362469c04c5a"}
,"/Users/admin/Documents/Maha_Project/my-cars/src/components/redux/actions/makesAction.js": {"path":"/Users/admin/Documents/Maha_Project/my-cars/src/components/redux/actions/makesAction.js","statementMap":{"0":{"start":{"line":13,"column":30},"end":{"line":25,"column":1}},"1":{"start":{"line":14,"column":2},"end":{"line":24,"column":4}},"2":{"start":{"line":15,"column":4},"end":{"line":15,"column":30}},"3":{"start":{"line":16,"column":4},"end":{"line":23,"column":5}},"4":{"start":{"line":17,"column":21},"end":{"line":17,"column":47}},"5":{"start":{"line":18,"column":6},"end":{"line":18,"column":44}},"6":{"start":{"line":19,"column":6},"end":{"line":19,"column":33}},"7":{"start":{"line":21,"column":6},"end":{"line":21,"column":34}},"8":{"start":{"line":22,"column":6},"end":{"line":22,"column":33}},"9":{"start":{"line":32,"column":28},"end":{"line":34,"column":1}},"10":{"start":{"line":33,"column":2},"end":{"line":33,"column":54}},"11":{"start":{"line":41,"column":28},"end":{"line":43,"column":1}},"12":{"start":{"line":42,"column":2},"end":{"line":42,"column":61}},"13":{"start":{"line":50,"column":25},"end":{"line":52,"column":1}},"14":{"start":{"line":51,"column":2},"end":{"line":51,"column":50}}},"fnMap":{"0":{"name":"(anonymous_0)","decl":{"start":{"line":13,"column":30},"end":{"line":13,"column":31}},"loc":{"start":{"line":13,"column":36},"end":{"line":25,"column":1}},"line":13},"1":{"name":"(anonymous_1)","decl":{"start":{"line":14,"column":9},"end":{"line":14,"column":10}},"loc":{"start":{"line":14,"column":36},"end":{"line":24,"column":3}},"line":14},"2":{"name":"(anonymous_2)","decl":{"start":{"line":32,"column":28},"end":{"line":32,"column":29}},"loc":{"start":{"line":32,"column":52},"end":{"line":34,"column":1}},"line":32},"3":{"name":"(anonymous_3)","decl":{"start":{"line":41,"column":28},"end":{"line":41,"column":29}},"loc":{"start":{"line":41,"column":37},"end":{"line":43,"column":1}},"line":41},"4":{"name":"(anonymous_4)","decl":{"start":{"line":50,"column":25},"end":{"line":50,"column":26}},"loc":{"start":{"line":50,"column":40},"end":{"line":52,"column":1}},"line":50}},"branchMap":{"0":{"loc":{"start":{"line":32,"column":35},"end":{"line":32,"column":47}},"type":"default-arg","locations":[{"start":{"line":32,"column":45},"end":{"line":32,"column":47}}],"line":32}},"s":{"0":3,"1":4,"2":2,"3":2,"4":2,"5":1,"6":1,"7":1,"8":1,"9":3,"10":3,"11":3,"12":3,"13":3,"14":9},"f":{"0":4,"1":2,"2":3,"3":3,"4":9},"b":{"0":[3]},"_coverageSchema":"1a1c01bbd47fc00a2c39e90264f33305004495a9","hash":"2431d1a5c3b5c241ca295983df81d285527ff5b6"}
,"/Users/admin/Documents/Maha_Project/my-cars/src/components/redux/actions/myDetailsAction.js": {"path":"/Users/admin/Documents/Maha_Project/my-cars/src/components/redux/actions/myDetailsAction.js","statementMap":{"0":{"start":{"line":11,"column":31},"end":{"line":16,"column":1}},"1":{"start":{"line":12,"column":2},"end":{"line":15,"column":4}},"2":{"start":{"line":22,"column":36},"end":{"line":27,"column":1}},"3":{"start":{"line":23,"column":2},"end":{"line":26,"column":4}},"4":{"start":{"line":32,"column":29},"end":{"line":36,"column":1}},"5":{"start":{"line":33,"column":2},"end":{"line":35,"column":4}}},"fnMap":{"0":{"name":"(anonymous_0)","decl":{"start":{"line":11,"column":31},"end":{"line":11,"column":32}},"loc":{"start":{"line":11,"column":48},"end":{"line":16,"column":1}},"line":11},"1":{"name":"(anonymous_1)","decl":{"start":{"line":22,"column":36},"end":{"line":22,"column":37}},"loc":{"start":{"line":22,"column":44},"end":{"line":27,"column":1}},"line":22},"2":{"name":"(anonymous_2)","decl":{"start":{"line":32,"column":29},"end":{"line":32,"column":30}},"loc":{"start":{"line":32,"column":35},"end":{"line":36,"column":1}},"line":32}},"branchMap":{},"s":{"0":1,"1":0,"2":1,"3":0,"4":1,"5":0},"f":{"0":0,"1":0,"2":0},"b":{},"_coverageSchema":"1a1c01bbd47fc00a2c39e90264f33305004495a9","hash":"3c6796edc3be5dd9c3d55f719142af64f2c2f670"}
,"/Users/admin/Documents/Maha_Project/my-cars/src/components/redux/actions/vehicleAction.js": {"path":"/Users/admin/Documents/Maha_Project/my-cars/src/components/redux/actions/vehicleAction.js","statementMap":{"0":{"start":{"line":13,"column":32},"end":{"line":25,"column":1}},"1":{"start":{"line":14,"column":2},"end":{"line":24,"column":4}},"2":{"start":{"line":15,"column":4},"end":{"line":15,"column":30}},"3":{"start":{"line":16,"column":4},"end":{"line":23,"column":5}},"4":{"start":{"line":17,"column":21},"end":{"line":17,"column":78}},"5":{"start":{"line":18,"column":6},"end":{"line":18,"column":44}},"6":{"start":{"line":19,"column":6},"end":{"line":19,"column":33}},"7":{"start":{"line":21,"column":6},"end":{"line":21,"column":34}},"8":{"start":{"line":22,"column":6},"end":{"line":22,"column":33}},"9":{"start":{"line":32,"column":28},"end":{"line":34,"column":1}},"10":{"start":{"line":33,"column":2},"end":{"line":33,"column":57}},"11":{"start":{"line":41,"column":28},"end":{"line":43,"column":1}},"12":{"start":{"line":42,"column":2},"end":{"line":42,"column":64}},"13":{"start":{"line":50,"column":25},"end":{"line":52,"column":1}},"14":{"start":{"line":51,"column":2},"end":{"line":51,"column":50}}},"fnMap":{"0":{"name":"(anonymous_0)","decl":{"start":{"line":13,"column":32},"end":{"line":13,"column":33}},"loc":{"start":{"line":13,"column":49},"end":{"line":25,"column":1}},"line":13},"1":{"name":"(anonymous_1)","decl":{"start":{"line":14,"column":9},"end":{"line":14,"column":10}},"loc":{"start":{"line":14,"column":36},"end":{"line":24,"column":3}},"line":14},"2":{"name":"(anonymous_2)","decl":{"start":{"line":32,"column":28},"end":{"line":32,"column":29}},"loc":{"start":{"line":32,"column":52},"end":{"line":34,"column":1}},"line":32},"3":{"name":"(anonymous_3)","decl":{"start":{"line":41,"column":28},"end":{"line":41,"column":29}},"loc":{"start":{"line":41,"column":37},"end":{"line":43,"column":1}},"line":41},"4":{"name":"(anonymous_4)","decl":{"start":{"line":50,"column":25},"end":{"line":50,"column":26}},"loc":{"start":{"line":50,"column":40},"end":{"line":52,"column":1}},"line":50}},"branchMap":{"0":{"loc":{"start":{"line":32,"column":35},"end":{"line":32,"column":47}},"type":"default-arg","locations":[{"start":{"line":32,"column":45},"end":{"line":32,"column":47}}],"line":32}},"s":{"0":1,"1":2,"2":2,"3":2,"4":2,"5":1,"6":1,"7":1,"8":1,"9":1,"10":3,"11":1,"12":3,"13":1,"14":9},"f":{"0":2,"1":2,"2":3,"3":3,"4":9},"b":{"0":[3]},"_coverageSchema":"1a1c01bbd47fc00a2c39e90264f33305004495a9","hash":"264f9d5f58725f6c81a165eb995f89c8c4b2d948"}
,"/Users/admin/Documents/Maha_Project/my-cars/src/components/redux/reducers/index.js": {"path":"/Users/admin/Documents/Maha_Project/my-cars/src/components/redux/reducers/index.js","statementMap":{"0":{"start":{"line":6,"column":20},"end":{"line":11,"column":2}}},"fnMap":{},"branchMap":{},"s":{"0":8},"f":{},"b":{},"_coverageSchema":"1a1c01bbd47fc00a2c39e90264f33305004495a9","hash":"dcabb840c7d0ac695c6fb8fd68177e3828ac76d3"}
,"/Users/admin/Documents/Maha_Project/my-cars/src/components/redux/reducers/makesReducer.js": {"path":"/Users/admin/Documents/Maha_Project/my-cars/src/components/redux/reducers/makesReducer.js","statementMap":{"0":{"start":{"line":7,"column":21},"end":{"line":7,"column":67}},"1":{"start":{"line":14,"column":21},"end":{"line":25,"column":1}},"2":{"start":{"line":15,"column":2},"end":{"line":24,"column":3}},"3":{"start":{"line":17,"column":6},"end":{"line":17,"column":64}},"4":{"start":{"line":19,"column":6},"end":{"line":19,"column":64}},"5":{"start":{"line":21,"column":6},"end":{"line":21,"column":53}},"6":{"start":{"line":23,"column":6},"end":{"line":23,"column":19}}},"fnMap":{"0":{"name":"(anonymous_0)","decl":{"start":{"line":14,"column":21},"end":{"line":14,"column":22}},"loc":{"start":{"line":14,"column":55},"end":{"line":25,"column":1}},"line":14}},"branchMap":{"0":{"loc":{"start":{"line":14,"column":22},"end":{"line":14,"column":42}},"type":"default-arg","locations":[{"start":{"line":14,"column":30},"end":{"line":14,"column":42}}],"line":14},"1":{"loc":{"start":{"line":15,"column":2},"end":{"line":24,"column":3}},"type":"switch","locations":[{"start":{"line":16,"column":4},"end":{"line":17,"column":64}},{"start":{"line":18,"column":4},"end":{"line":19,"column":64}},{"start":{"line":20,"column":4},"end":{"line":21,"column":53}},{"start":{"line":22,"column":4},"end":{"line":23,"column":19}}],"line":15}},"s":{"0":9,"1":9,"2":28,"3":1,"4":1,"5":1,"6":25},"f":{"0":28},"b":{"0":[22],"1":[1,1,1,25]},"_coverageSchema":"1a1c01bbd47fc00a2c39e90264f33305004495a9","hash":"d319064c9593052439ab261ac2c0230bd7407049"}
,"/Users/admin/Documents/Maha_Project/my-cars/src/components/redux/reducers/modelReducer.js": {"path":"/Users/admin/Documents/Maha_Project/my-cars/src/components/redux/reducers/modelReducer.js","statementMap":{"0":{"start":{"line":7,"column":21},"end":{"line":7,"column":68}},"1":{"start":{"line":14,"column":21},"end":{"line":25,"column":1}},"2":{"start":{"line":15,"column":2},"end":{"line":24,"column":3}},"3":{"start":{"line":17,"column":6},"end":{"line":17,"column":65}},"4":{"start":{"line":19,"column":6},"end":{"line":19,"column":65}},"5":{"start":{"line":21,"column":6},"end":{"line":21,"column":53}},"6":{"start":{"line":23,"column":6},"end":{"line":23,"column":19}}},"fnMap":{"0":{"name":"(anonymous_0)","decl":{"start":{"line":14,"column":21},"end":{"line":14,"column":22}},"loc":{"start":{"line":14,"column":55},"end":{"line":25,"column":1}},"line":14}},"branchMap":{"0":{"loc":{"start":{"line":14,"column":22},"end":{"line":14,"column":42}},"type":"default-arg","locations":[{"start":{"line":14,"column":30},"end":{"line":14,"column":42}}],"line":14},"1":{"loc":{"start":{"line":15,"column":2},"end":{"line":24,"column":3}},"type":"switch","locations":[{"start":{"line":16,"column":4},"end":{"line":17,"column":65}},{"start":{"line":18,"column":4},"end":{"line":19,"column":65}},{"start":{"line":20,"column":4},"end":{"line":21,"column":53}},{"start":{"line":22,"column":4},"end":{"line":23,"column":19}}],"line":15}},"s":{"0":9,"1":9,"2":28,"3":1,"4":1,"5":1,"6":25},"f":{"0":28},"b":{"0":[22],"1":[1,1,1,25]},"_coverageSchema":"1a1c01bbd47fc00a2c39e90264f33305004495a9","hash":"1d68f93fcc7ca4bc8832493cdb3855eeddead8ad"}
,"/Users/admin/Documents/Maha_Project/my-cars/src/components/redux/reducers/myDetailsReducer.js": {"path":"/Users/admin/Documents/Maha_Project/my-cars/src/components/redux/reducers/myDetailsReducer.js","statementMap":{"0":{"start":{"line":7,"column":21},"end":{"line":10,"column":1}},"1":{"start":{"line":12,"column":25},"end":{"line":35,"column":1}},"2":{"start":{"line":13,"column":2},"end":{"line":34,"column":3}},"3":{"start":{"line":15,"column":24},"end":{"line":18,"column":7}},"4":{"start":{"line":19,"column":6},"end":{"line":19,"column":25}},"5":{"start":{"line":21,"column":20},"end":{"line":27,"column":7}},"6":{"start":{"line":24,"column":19},"end":{"line":24,"column":52}},"7":{"start":{"line":25,"column":10},"end":{"line":25,"column":39}},"8":{"start":{"line":28,"column":6},"end":{"line":28,"column":21}},"9":{"start":{"line":31,"column":6},"end":{"line":31,"column":26}},"10":{"start":{"line":33,"column":6},"end":{"line":33,"column":19}}},"fnMap":{"0":{"name":"(anonymous_0)","decl":{"start":{"line":12,"column":25},"end":{"line":12,"column":26}},"loc":{"start":{"line":12,"column":59},"end":{"line":35,"column":1}},"line":12},"1":{"name":"(anonymous_1)","decl":{"start":{"line":23,"column":50},"end":{"line":23,"column":51}},"loc":{"start":{"line":23,"column":60},"end":{"line":26,"column":9}},"line":23}},"branchMap":{"0":{"loc":{"start":{"line":12,"column":26},"end":{"line":12,"column":46}},"type":"default-arg","locations":[{"start":{"line":12,"column":34},"end":{"line":12,"column":46}}],"line":12},"1":{"loc":{"start":{"line":13,"column":2},"end":{"line":34,"column":3}},"type":"switch","locations":[{"start":{"line":14,"column":4},"end":{"line":19,"column":25}},{"start":{"line":20,"column":4},"end":{"line":28,"column":21}},{"start":{"line":30,"column":4},"end":{"line":31,"column":26}},{"start":{"line":32,"column":4},"end":{"line":33,"column":19}}],"line":13}},"s":{"0":8,"1":8,"2":24,"3":0,"4":0,"5":0,"6":0,"7":0,"8":0,"9":0,"10":24},"f":{"0":24,"1":0},"b":{"0":[24],"1":[0,0,0,24]},"_coverageSchema":"1a1c01bbd47fc00a2c39e90264f33305004495a9","hash":"a106b2e22f5095f8928302eadc18943fb9ec6165"}
,"/Users/admin/Documents/Maha_Project/my-cars/src/components/redux/reducers/vehicleReducer.js": {"path":"/Users/admin/Documents/Maha_Project/my-cars/src/components/redux/reducers/vehicleReducer.js","statementMap":{"0":{"start":{"line":7,"column":21},"end":{"line":7,"column":70}},"1":{"start":{"line":14,"column":23},"end":{"line":25,"column":1}},"2":{"start":{"line":15,"column":2},"end":{"line":24,"column":3}},"3":{"start":{"line":17,"column":6},"end":{"line":17,"column":67}},"4":{"start":{"line":19,"column":6},"end":{"line":19,"column":67}},"5":{"start":{"line":21,"column":6},"end":{"line":21,"column":53}},"6":{"start":{"line":23,"column":6},"end":{"line":23,"column":19}}},"fnMap":{"0":{"name":"(anonymous_0)","decl":{"start":{"line":14,"column":23},"end":{"line":14,"column":24}},"loc":{"start":{"line":14,"column":57},"end":{"line":25,"column":1}},"line":14}},"branchMap":{"0":{"loc":{"start":{"line":14,"column":24},"end":{"line":14,"column":44}},"type":"default-arg","locations":[{"start":{"line":14,"column":32},"end":{"line":14,"column":44}}],"line":14},"1":{"loc":{"start":{"line":15,"column":2},"end":{"line":24,"column":3}},"type":"switch","locations":[{"start":{"line":16,"column":4},"end":{"line":17,"column":67}},{"start":{"line":18,"column":4},"end":{"line":19,"column":67}},{"start":{"line":20,"column":4},"end":{"line":21,"column":53}},{"start":{"line":22,"column":4},"end":{"line":23,"column":19}}],"line":15}},"s":{"0":9,"1":9,"2":28,"3":1,"4":1,"5":1,"6":25},"f":{"0":28},"b":{"0":[22],"1":[1,1,1,25]},"_coverageSchema":"1a1c01bbd47fc00a2c39e90264f33305004495a9","hash":"0d5ce4c042884ba4af0e885594a4cf79956632d7"}
,"/Users/admin/Documents/Maha_Project/my-cars/src/components/redux/store/configStore.js": {"path":"/Users/admin/Documents/Maha_Project/my-cars/src/components/redux/store/configStore.js","statementMap":{"0":{"start":{"line":9,"column":22},"end":{"line":12,"column":1}},"1":{"start":{"line":14,"column":23},"end":{"line":14,"column":65}},"2":{"start":{"line":16,"column":20},"end":{"line":23,"column":1}},"3":{"start":{"line":17,"column":14},"end":{"line":20,"column":3}},"4":{"start":{"line":21,"column":23},"end":{"line":21,"column":42}},"5":{"start":{"line":22,"column":2},"end":{"line":22,"column":35}}},"fnMap":{"0":{"name":"(anonymous_0)","decl":{"start":{"line":16,"column":20},"end":{"line":16,"column":21}},"loc":{"start":{"line":16,"column":26},"end":{"line":23,"column":1}},"line":16}},"branchMap":{},"s":{"0":0,"1":0,"2":0,"3":0,"4":0,"5":0},"f":{"0":0},"b":{}}
}
