TN:
SF:src/App.js
FN:5,(anonymous_0)
FN:8,(anonymous_1)
FN:11,(anonymous_2)
FN:14,(anonymous_3)
FN:19,App
FNF:5
FNH:0
FNDA:0,(anonymous_0)
FNDA:0,(anonymous_1)
FNDA:0,(anonymous_2)
FNDA:0,(anonymous_3)
FNDA:0,App
DA:5,0
DA:6,0
DA:8,0
DA:9,0
DA:11,0
DA:12,0
DA:14,0
DA:15,0
DA:20,0
LF:9
LH:0
BRF:0
BRH:0
end_of_record
TN:
SF:src/constants.js
FNF:0
FNH:0
DA:2,8
LF:1
LH:1
BRF:0
BRH:0
end_of_record
TN:
SF:src/index.js
FN:15,(anonymous_0)
FNF:1
FNH:0
FNDA:0,(anonymous_0)
DA:9,0
DA:11,0
DA:15,0
DA:28,0
LF:4
LH:0
BRF:0
BRH:0
end_of_record
TN:
SF:src/UI/HeaderSection.js
FN:10,(anonymous_0)
FNF:1
FNH:1
FNDA:8,(anonymous_0)
DA:10,8
DA:11,8
LF:2
LH:2
BRDA:14,0,0,8
BRDA:14,0,1,1
BRF:2
BRH:2
end_of_record
TN:
SF:src/UI/cardComponent/CardComponent.js
FN:8,(anonymous_0)
FNF:1
FNH:1
FNDA:18,(anonymous_0)
DA:8,8
DA:9,18
DA:10,14
LF:3
LH:3
BRF:0
BRH:0
end_of_record
TN:
SF:src/UI/header/Header.js
FN:7,(anonymous_0)
FN:9,(anonymous_1)
FN:10,(anonymous_2)
FNF:3
FNH:1
FNDA:8,(anonymous_0)
FNDA:0,(anonymous_1)
FNDA:0,(anonymous_2)
DA:7,8
DA:8,8
DA:9,8
DA:10,8
DA:12,8
LF:5
LH:5
BRDA:18,0,0,0
BRDA:18,0,1,8
BRDA:38,1,0,0
BRDA:38,1,1,8
BRF:4
BRH:2
end_of_record
TN:
SF:src/UI/itemDescriptionComponent/ItemDescriptionComponent.js
FN:7,(anonymous_0)
FNF:1
FNH:0
FNDA:0,(anonymous_0)
DA:7,3
DA:8,0
DA:9,0
LF:3
LH:1
BRF:0
BRH:0
end_of_record
TN:
SF:src/UI/loadingIndicator/LoadingIndicator.js
FN:7,(anonymous_0)
FNF:1
FNH:1
FNDA:1,(anonymous_0)
DA:7,8
DA:8,1
LF:2
LH:2
BRF:0
BRH:0
end_of_record
TN:
SF:src/UI/modal/modal.js
FN:4,(anonymous_0)
FN:7,(anonymous_1)
FN:8,(anonymous_2)
FNF:3
FNH:0
FNDA:0,(anonymous_0)
FNDA:0,(anonymous_1)
FNDA:0,(anonymous_2)
DA:4,1
DA:5,0
DA:6,0
DA:7,0
DA:8,0
DA:9,0
DA:12,0
LF:7
LH:1
BRDA:13,0,0,0
BRDA:13,0,1,0
BRF:2
BRH:0
end_of_record
TN:
SF:src/api/api.js
FN:12,(anonymous_0)
FN:22,(anonymous_1)
FN:32,(anonymous_2)
FNF:3
FNH:3
FNDA:2,(anonymous_0)
FNDA:2,(anonymous_1)
FNDA:2,(anonymous_2)
DA:3,7
DA:12,7
DA:13,2
DA:22,7
DA:23,2
DA:32,7
DA:33,2
LF:7
LH:7
BRDA:12,0,0,2
BRDA:22,1,0,2
BRDA:32,2,0,2
BRF:3
BRH:3
end_of_record
TN:
SF:src/components/myDetails/MyDetails.child.js
FN:16,(anonymous_0)
FN:20,(anonymous_1)
FN:26,(anonymous_2)
FN:37,(anonymous_3)
FN:45,(anonymous_4)
FN:51,(anonymous_5)
FNF:6
FNH:1
FNDA:2,(anonymous_0)
FNDA:0,(anonymous_1)
FNDA:0,(anonymous_2)
FNDA:0,(anonymous_3)
FNDA:0,(anonymous_4)
FNDA:0,(anonymous_5)
DA:16,2
DA:20,2
DA:21,0
DA:26,2
DA:27,0
DA:30,2
DA:37,0
DA:46,0
DA:51,0
LF:9
LH:4
BRDA:33,0,0,0
BRDA:33,0,1,2
BRDA:43,1,0,0
BRDA:43,1,1,2
BRF:4
BRH:2
end_of_record
TN:
SF:src/components/myDetails/MyDetails.js
FN:13,(anonymous_0)
FN:16,(anonymous_1)
FN:17,(anonymous_2)
FN:22,(anonymous_3)
FN:29,(anonymous_4)
FNF:5
FNH:3
FNDA:2,(anonymous_0)
FNDA:1,(anonymous_1)
FNDA:1,(anonymous_2)
FNDA:0,(anonymous_3)
FNDA:0,(anonymous_4)
DA:13,1
DA:14,2
DA:16,1
DA:17,1
DA:22,1
DA:23,0
DA:29,1
DA:30,0
DA:33,1
LF:9
LH:7
BRF:0
BRH:0
end_of_record
TN:
SF:src/components/myMakes/MyMakes.child.js
FN:14,(anonymous_0)
FN:20,(anonymous_1)
FN:28,(anonymous_2)
FN:42,(anonymous_3)
FN:48,(anonymous_4)
FN:54,(anonymous_5)
FNF:6
FNH:2
FNDA:3,(anonymous_0)
FNDA:0,(anonymous_1)
FNDA:0,(anonymous_2)
FNDA:0,(anonymous_3)
FNDA:10,(anonymous_4)
FNDA:0,(anonymous_5)
DA:14,3
DA:15,3
DA:16,3
DA:20,3
DA:21,0
DA:26,3
DA:29,0
DA:31,3
DA:33,3
DA:42,0
DA:49,10
DA:54,0
LF:12
LH:8
BRDA:26,0,0,3
BRDA:26,0,1,0
BRDA:46,1,0,2
BRDA:46,1,1,1
BRF:4
BRH:3
end_of_record
TN:
SF:src/components/myMakes/MyMakes.js
FN:12,(anonymous_0)
FN:14,(anonymous_1)
FN:15,(anonymous_2)
FN:19,(anonymous_3)
FN:32,(anonymous_4)
FNF:5
FNH:4
FNDA:4,(anonymous_0)
FNDA:2,(anonymous_1)
FNDA:2,(anonymous_2)
FNDA:2,(anonymous_3)
FNDA:0,(anonymous_4)
DA:12,2
DA:14,4
DA:15,2
DA:16,2
DA:17,2
DA:19,2
DA:21,2
DA:23,2
DA:25,2
DA:32,2
DA:33,0
DA:36,2
LF:12
LH:11
BRF:0
BRH:0
end_of_record
TN:
SF:src/components/myModels/MyModels.child.js
FN:16,(anonymous_0)
FN:22,(anonymous_1)
FN:30,(anonymous_2)
FN:44,(anonymous_3)
FN:51,(anonymous_4)
FN:56,(anonymous_5)
FNF:6
FNH:2
FNDA:2,(anonymous_0)
FNDA:0,(anonymous_1)
FNDA:0,(anonymous_2)
FNDA:0,(anonymous_3)
FNDA:4,(anonymous_4)
FNDA:0,(anonymous_5)
DA:16,2
DA:17,2
DA:18,2
DA:22,2
DA:23,0
DA:28,2
DA:31,0
DA:33,2
DA:35,2
DA:44,0
DA:52,4
DA:56,0
LF:12
LH:8
BRDA:28,0,0,2
BRDA:28,0,1,0
BRDA:49,1,0,2
BRDA:49,1,1,0
BRF:4
BRH:2
end_of_record
TN:
SF:src/components/myModels/MyModels.js
FN:14,(anonymous_0)
FN:16,(anonymous_1)
FN:17,(anonymous_2)
FN:23,(anonymous_3)
FN:36,(anonymous_4)
FNF:5
FNH:4
FNDA:2,(anonymous_0)
FNDA:1,(anonymous_1)
FNDA:1,(anonymous_2)
FNDA:1,(anonymous_3)
FNDA:0,(anonymous_4)
DA:14,1
DA:16,2
DA:17,1
DA:19,1
DA:20,1
DA:21,1
DA:23,1
DA:25,1
DA:27,1
DA:29,1
DA:36,1
DA:37,0
DA:38,0
DA:41,1
LF:14
LH:12
BRF:0
BRH:0
end_of_record
TN:
SF:src/components/myVehicles/MyVehicles.child.js
FN:16,(anonymous_0)
FN:20,(anonymous_1)
FN:30,(anonymous_2)
FN:36,(anonymous_3)
FNF:4
FNH:1
FNDA:1,(anonymous_0)
FNDA:0,(anonymous_1)
FNDA:0,(anonymous_2)
FNDA:0,(anonymous_3)
DA:16,1
DA:20,1
DA:21,0
DA:23,1
DA:31,0
DA:36,0
LF:6
LH:3
BRF:0
BRH:0
end_of_record
TN:
SF:src/components/myVehicles/MyVehicles.js
FN:12,(anonymous_0)
FN:16,(anonymous_1)
FN:17,(anonymous_2)
FN:26,(anonymous_3)
FN:33,(anonymous_4)
FNF:5
FNH:0
FNDA:0,(anonymous_0)
FNDA:0,(anonymous_1)
FNDA:0,(anonymous_2)
FNDA:0,(anonymous_3)
FNDA:0,(anonymous_4)
DA:12,0
DA:13,0
DA:15,0
DA:16,0
DA:17,0
DA:18,0
DA:19,0
DA:20,0
DA:26,0
DA:27,0
DA:33,0
DA:34,0
DA:35,0
DA:36,0
DA:39,0
LF:15
LH:0
BRF:0
BRH:0
end_of_record
TN:
SF:src/components/redux/actions/ModelActions.js
FN:13,(anonymous_0)
FN:14,(anonymous_1)
FN:32,(anonymous_2)
FN:41,(anonymous_3)
FN:50,(anonymous_4)
FNF:5
FNH:5
FNDA:3,(anonymous_0)
FNDA:2,(anonymous_1)
FNDA:3,(anonymous_2)
FNDA:3,(anonymous_3)
FNDA:9,(anonymous_4)
DA:13,2
DA:14,3
DA:15,2
DA:16,2
DA:17,2
DA:18,1
DA:19,1
DA:21,1
DA:22,1
DA:32,2
DA:33,3
DA:41,2
DA:42,3
DA:50,2
DA:51,9
LF:15
LH:15
BRDA:32,0,0,3
BRF:1
BRH:1
end_of_record
TN:
SF:src/components/redux/actions/actionTypes.js
FNF:0
FNH:0
DA:2,14
DA:3,14
DA:4,14
DA:7,14
DA:8,14
DA:9,14
DA:12,14
DA:13,14
DA:14,14
DA:17,14
DA:18,14
DA:19,14
DA:22,14
LF:13
LH:13
BRF:0
BRH:0
end_of_record
TN:
SF:src/components/redux/actions/makesAction.js
FN:13,(anonymous_0)
FN:14,(anonymous_1)
FN:32,(anonymous_2)
FN:41,(anonymous_3)
FN:50,(anonymous_4)
FNF:5
FNH:5
FNDA:4,(anonymous_0)
FNDA:2,(anonymous_1)
FNDA:3,(anonymous_2)
FNDA:3,(anonymous_3)
FNDA:9,(anonymous_4)
DA:13,3
DA:14,4
DA:15,2
DA:16,2
DA:17,2
DA:18,1
DA:19,1
DA:21,1
DA:22,1
DA:32,3
DA:33,3
DA:41,3
DA:42,3
DA:50,3
DA:51,9
LF:15
LH:15
BRDA:32,0,0,3
BRF:1
BRH:1
end_of_record
TN:
SF:src/components/redux/actions/myDetailsAction.js
FN:11,(anonymous_0)
FN:22,(anonymous_1)
FN:32,(anonymous_2)
FNF:3
FNH:0
FNDA:0,(anonymous_0)
FNDA:0,(anonymous_1)
FNDA:0,(anonymous_2)
DA:11,1
DA:12,0
DA:22,1
DA:23,0
DA:32,1
DA:33,0
LF:6
LH:3
BRF:0
BRH:0
end_of_record
TN:
SF:src/components/redux/actions/vehicleAction.js
FN:13,(anonymous_0)
FN:14,(anonymous_1)
FN:32,(anonymous_2)
FN:41,(anonymous_3)
FN:50,(anonymous_4)
FNF:5
FNH:5
FNDA:2,(anonymous_0)
FNDA:2,(anonymous_1)
FNDA:3,(anonymous_2)
FNDA:3,(anonymous_3)
FNDA:9,(anonymous_4)
DA:13,1
DA:14,2
DA:15,2
DA:16,2
DA:17,2
DA:18,1
DA:19,1
DA:21,1
DA:22,1
DA:32,1
DA:33,3
DA:41,1
DA:42,3
DA:50,1
DA:51,9
LF:15
LH:15
BRDA:32,0,0,3
BRF:1
BRH:1
end_of_record
TN:
SF:src/components/redux/reducers/index.js
FNF:0
FNH:0
DA:6,8
LF:1
LH:1
BRF:0
BRH:0
end_of_record
TN:
SF:src/components/redux/reducers/makesReducer.js
FN:14,(anonymous_0)
FNF:1
FNH:1
FNDA:28,(anonymous_0)
DA:7,9
DA:14,9
DA:15,28
DA:17,1
DA:19,1
DA:21,1
DA:23,25
LF:7
LH:7
BRDA:14,0,0,22
BRDA:15,1,0,1
BRDA:15,1,1,1
BRDA:15,1,2,1
BRDA:15,1,3,25
BRF:5
BRH:5
end_of_record
TN:
SF:src/components/redux/reducers/modelReducer.js
FN:14,(anonymous_0)
FNF:1
FNH:1
FNDA:28,(anonymous_0)
DA:7,9
DA:14,9
DA:15,28
DA:17,1
DA:19,1
DA:21,1
DA:23,25
LF:7
LH:7
BRDA:14,0,0,22
BRDA:15,1,0,1
BRDA:15,1,1,1
BRDA:15,1,2,1
BRDA:15,1,3,25
BRF:5
BRH:5
end_of_record
TN:
SF:src/components/redux/reducers/myDetailsReducer.js
FN:12,(anonymous_0)
FN:23,(anonymous_1)
FNF:2
FNH:1
FNDA:24,(anonymous_0)
FNDA:0,(anonymous_1)
DA:7,8
DA:12,8
DA:13,24
DA:15,0
DA:19,0
DA:21,0
DA:24,0
DA:25,0
DA:28,0
DA:31,0
DA:33,24
LF:11
LH:4
BRDA:12,0,0,24
BRDA:13,1,0,0
BRDA:13,1,1,0
BRDA:13,1,2,0
BRDA:13,1,3,24
BRF:5
BRH:2
end_of_record
TN:
SF:src/components/redux/reducers/vehicleReducer.js
FN:14,(anonymous_0)
FNF:1
FNH:1
FNDA:28,(anonymous_0)
DA:7,9
DA:14,9
DA:15,28
DA:17,1
DA:19,1
DA:21,1
DA:23,25
LF:7
LH:7
BRDA:14,0,0,22
BRDA:15,1,0,1
BRDA:15,1,1,1
BRDA:15,1,2,1
BRDA:15,1,3,25
BRF:5
BRH:5
end_of_record
TN:
SF:src/components/redux/store/configStore.js
FN:16,(anonymous_0)
FNF:1
FNH:0
FNDA:0,(anonymous_0)
DA:9,0
DA:14,0
DA:16,0
DA:17,0
DA:21,0
DA:22,0
LF:6
LH:0
BRF:0
BRH:0
end_of_record
